
 --- Table  1: Summary of nuclide data: 

 Data for 5 nuclides included in calculation:

 - 5 Transport nuclides
 - No dosimetry nuclides
 - No decay nuclides
 - 200 reaction channels
 - 170 special reactions
 - No transmutation reactions
 - 2 transmutation branch reactions
 - No decay reactions
 - No decay branch reactions
 - All reaction linked to target

 Columns:

  1. Index
  2. Level (first occurence in transmutation paths)
  3. Name (nuclide identifier data)
  4. Library ID
  5. Primary data type: TRA = transport
                        DOS = dosimetry
                        SAB = thermal scattering
                        DEC = only decay data
                        STR = only structural data (mass)
                        PHO = photon interaction data
  6. Z (atomic number)
  7. A (isotope number)
  8. I (isomeric state)
  9. Atomic weight
 10. Temperature (in Kelvin)
 11. Decay constant (1/s)
 12. Flags: I - nuclide is present in initial composition
            B - nuclide is involved in burnup calculation
            A - nuclide is produced as activation product
            D - nuclide is produced as decay product
            F - nuclide is produced as fission product
            B - nuclide is produced in decay or transmutation branching
            T - nuclide has neutron transport cross section data
            S - nuclide has S(a,b) data
            I - nuclide has isomeric branching reactions
            F - nuclide is fissile
            P - nuclide is a delayed neutron precursor
            D - nuclide has delayed neutron data
            U - nuclide has uses ures ptable data
            T - nuclide cross sections are adjusted by TMS
            D - nuclide has dosimetry cross section data
            R - nuclide has radioactive decay data
            N - nuclide has neutron-induced fission yield data
            S - nuclide has spontaneous fission yield data
            P - nuclide has photon transport cross section data
            T - nuclide has supplementary transmutation cross section data

    1   0  11023.03c     03c  TRA   11  23 0   22.98949   300.0          N/A  I-----T-I-----------  sodium 23 (Na-23)
    2   0  17035.03c     03c  TRA   17  35 0   34.96885   300.0          N/A  I-----T-------------  chlorine 35 (Cl-35)
    3   0  17037.03c     03c  TRA   17  37 0   36.96586   300.0          N/A  I-----T-I-----------  chlorine 37 (Cl-37)
    4   0  92235.03c     03c  TRA   92 235 0  235.04395   300.0          N/A  I-----T--F-D--------  uranium 235 (U-235)
    5   0  92238.03c     03c  TRA   92 238 0  238.05078   300.0          N/A  I-----T--F-D--------  uranium 238 (U-238)

 --- Table  2: Reaction and decay data: 

 Nuclide    1 / 5 : 11023.03c -- sodium 23 (Na-23)

 Pointers                     : 32791 7080
 Primary type                 : Transport
 Nuclide ZAI                  : 110230
 Library ID                   : 03c
 Cross section data file      : /mnt/c/Users/Pedro/Documents/Serpent/xsdata/endfb7/acedata/11023ENDF7.ace
 Atomic weight (AW)           : 22.98949
 Atomic weight ratio (AWR)    : 22.79200
 Temperature                  : 300.0 Kelvin
 XS temperature               : 300.0 Kelvin
 Minimum and maximum energy   : 1.00000E-11 2.00000E+01
 Half-life                    : N/A
 Specific ingestion toxicity  : N/A
 Specific inhalation toxicity : N/A

 - Nuclide is not involved in burnup calculation
 - Nuclide has neutron transport data
 - Nuclide has no photon transport data
 - Nuclide has no S(a,b) data
 - Nuclide has isomeric branching data
 - Nuclide is not fissile
 - Nuclide is not a delayed neutron precursor
 - Nuclide has no delayed neutron data
 - Nuclide has no ures ptable data
 - Nuclide temperature is not adjusted with TMS
 - Nuclide has no dosimetry data
 - Nuclide has no decay data
 - Nuclide has no supplementary transmutation cross section data
 - Nuclide has no NFY data
 - Nuclide has no SFY data

 - 24 reaction channels
 - 3 special reactions
 - No transmutation reactions
 - 1 transmutation branch reactions
 - No decay reactions
 - No decay branch reactions
 - No transmutation paths

 24 reactions channel:

   1    MT =      2  Q =  0.00000E+00 MeV  Emin = 1.00000E-11 MeV  frac = 1.00000E+00  : elastic scattering
   2    MT =     16  Q = -1.24140E+01 MeV  Emin = 1.29587E+01 MeV  frac = 1.00000E+00  : (n,2n)
   3    MT =     51  Q = -4.40000E-01 MeV  Emin = 4.59310E-01 MeV  frac = 1.00000E+00  : inelastic scatt. to 1. excited state
   4    MT =     52  Q = -2.07800E+00 MeV  Emin = 2.16920E+00 MeV  frac = 1.00000E+00  : inelastic scatt. to 2. excited state
   5    MT =     53  Q = -2.39300E+00 MeV  Emin = 2.49800E+00 MeV  frac = 1.00000E+00  : inelastic scatt. to 3. excited state
   6    MT =     54  Q = -2.64000E+00 MeV  Emin = 2.75583E+00 MeV  frac = 1.00000E+00  : inelastic scatt. to 4. excited state
   7    MT =     55  Q = -2.70500E+00 MeV  Emin = 2.82370E+00 MeV  frac = 1.00000E+00  : inelastic scatt. to 5. excited state
   8    MT =     56  Q = -2.98300E+00 MeV  Emin = 3.11390E+00 MeV  frac = 1.00000E+00  : inelastic scatt. to 6. excited state
   9    MT =     57  Q = -3.68000E+00 MeV  Emin = 3.84150E+00 MeV  frac = 1.00000E+00  : inelastic scatt. to 7. excited state
  10    MT =     58  Q = -3.88000E+00 MeV  Emin = 4.05024E+00 MeV  frac = 1.00000E+00  : inelastic scatt. to 8. excited state
  11    MT =     59  Q = -4.43000E+00 MeV  Emin = 4.62440E+00 MeV  frac = 1.00000E+00  : inelastic scatt. to 9. excited state
  12    MT =     60  Q = -4.77000E+00 MeV  Emin = 4.97930E+00 MeV  frac = 1.00000E+00  : inelastic scatt. to 10. excited state
  13    MT =     61  Q = -5.38000E+00 MeV  Emin = 5.61605E+00 MeV  frac = 1.00000E+00  : inelastic scatt. to 11. excited state
  14    MT =     62  Q = -5.53000E+00 MeV  Emin = 5.77263E+00 MeV  frac = 1.00000E+00  : inelastic scatt. to 12. excited state
  15    MT =     63  Q = -5.76000E+00 MeV  Emin = 6.01272E+00 MeV  frac = 1.00000E+00  : inelastic scatt. to 13. excited state
  16    MT =     64  Q = -5.95500E+00 MeV  Emin = 6.21630E+00 MeV  frac = 1.00000E+00  : inelastic scatt. to 14. excited state
  17    MT =     65  Q = -6.07850E+00 MeV  Emin = 6.34520E+00 MeV  frac = 1.00000E+00  : inelastic scatt. to 15. excited state
  18    MT =     66  Q = -6.27000E+00 MeV  Emin = 6.54510E+00 MeV  frac = 1.00000E+00  : inelastic scatt. to 16. excited state
  19    MT =     67  Q = -7.11000E+00 MeV  Emin = 7.42200E+00 MeV  frac = 1.00000E+00  : inelastic scatt. to 17. excited state
  20    MT =     68  Q = -7.79000E+00 MeV  Emin = 8.13180E+00 MeV  frac = 1.00000E+00  : inelastic scatt. to 18. excited state
  21    MT =     91  Q = -5.84360E+00 MeV  Emin = 6.10000E+00 MeV  frac = 1.00000E+00  : inelastic scattering to continuum
  22    MT =    102  Q =  6.95949E+00 MeV  Emin = 1.00000E-11 MeV  frac = 1.00000E+00  : (n,gamma)
  23    MT =    103  Q = -3.59700E+00 MeV  Emin = 3.75482E+00 MeV  frac = 1.00000E+00  : (n,p)
  24    MT =    107  Q = -3.86600E+00 MeV  Emin = 4.03562E+00 MeV  frac = 1.00000E+00  : (n,alpha)

 1 additional transport branch:

   1    MT =    102  Q =  6.95949E+00 MeV  Emin = 1.00000E-11 MeV  frac = 1.00000E+00  : (n,gamma)

 3 special reactions:

   1    MT =    203  Q =  0.00000E+00 MeV  Emin = 3.75482E+00 MeV  : total proton production
   2    MT =    207  Q =  0.00000E+00 MeV  Emin = 4.03562E+00 MeV  : total alpha production
   3    MT =      4  Q =  0.00000E+00 MeV  Emin = 4.59310E-01 MeV  : total inelastic scattering

 Nuclide    2 / 5 : 17035.03c -- chlorine 35 (Cl-35)

 Pointers                     : 14704 11772
 Primary type                 : Transport
 Nuclide ZAI                  : 170350
 Library ID                   : 03c
 Cross section data file      : /mnt/c/Users/Pedro/Documents/Serpent/xsdata/endfb7/acedata/17035ENDF7.ace
 Atomic weight (AW)           : 34.96885
 Atomic weight ratio (AWR)    : 34.66845
 Temperature                  : 300.0 Kelvin
 XS temperature               : 300.0 Kelvin
 Minimum and maximum energy   : 1.00000E-11 2.00000E+01
 Half-life                    : N/A
 Specific ingestion toxicity  : N/A
 Specific inhalation toxicity : N/A

 - Nuclide is not involved in burnup calculation
 - Nuclide has neutron transport data
 - Nuclide has no photon transport data
 - Nuclide has no S(a,b) data
 - Nuclide has no isomeric branching data
 - Nuclide is not fissile
 - Nuclide is not a delayed neutron precursor
 - Nuclide has no delayed neutron data
 - Nuclide has no ures ptable data
 - Nuclide temperature is not adjusted with TMS
 - Nuclide has no dosimetry data
 - Nuclide has no decay data
 - Nuclide has no supplementary transmutation cross section data
 - Nuclide has no NFY data
 - Nuclide has no SFY data

 - 43 reaction channels
 - 122 special reactions
 - No transmutation reactions
 - No transmutation branch reactions
 - No decay reactions
 - No decay branch reactions
 - No transmutation paths

 43 reactions channel:

   1    MT =      2  Q =  0.00000E+00 MeV  Emin = 1.00000E-11 MeV  frac = 1.00000E+00  : elastic scattering
   2    MT =     16  Q = -1.26450E+01 MeV  Emin = 1.30098E+01 MeV  frac = 1.00000E+00  : (n,2n)
   3    MT =     22  Q = -6.99745E+00 MeV  Emin = 7.19929E+00 MeV  frac = 1.00000E+00  : (n,nalpha)
   4    MT =     28  Q = -6.37040E+00 MeV  Emin = 6.55415E+00 MeV  frac = 1.00000E+00  : (n,np)
   5    MT =     32  Q = -1.55629E+01 MeV  Emin = 1.60118E+01 MeV  frac = 1.00000E+00  : (n,nd)
   6    MT =     51  Q = -1.21944E+00 MeV  Emin = 1.25462E+00 MeV  frac = 1.00000E+00  : inelastic scatt. to 1. excited state
   7    MT =     52  Q = -1.76315E+00 MeV  Emin = 1.81401E+00 MeV  frac = 1.00000E+00  : inelastic scatt. to 2. excited state
   8    MT =     53  Q = -2.64560E+00 MeV  Emin = 2.72191E+00 MeV  frac = 1.00000E+00  : inelastic scatt. to 3. excited state
   9    MT =     54  Q = -2.69360E+00 MeV  Emin = 2.77130E+00 MeV  frac = 1.00000E+00  : inelastic scatt. to 4. excited state
  10    MT =     55  Q = -3.00274E+00 MeV  Emin = 3.08935E+00 MeV  frac = 1.00000E+00  : inelastic scatt. to 5. excited state
  11    MT =     56  Q = -3.16800E+00 MeV  Emin = 3.25938E+00 MeV  frac = 1.00000E+00  : inelastic scatt. to 6. excited state
  12    MT =     57  Q = -3.91848E+00 MeV  Emin = 4.03151E+00 MeV  frac = 1.00000E+00  : inelastic scatt. to 7. excited state
  13    MT =     58  Q = -3.94290E+00 MeV  Emin = 4.05663E+00 MeV  frac = 1.00000E+00  : inelastic scatt. to 8. excited state
  14    MT =     59  Q = -3.96750E+00 MeV  Emin = 4.08194E+00 MeV  frac = 1.00000E+00  : inelastic scatt. to 9. excited state
  15    MT =     60  Q = -4.05920E+00 MeV  Emin = 4.17629E+00 MeV  frac = 1.00000E+00  : inelastic scatt. to 10. excited state
  16    MT =     61  Q = -4.11330E+00 MeV  Emin = 4.23195E+00 MeV  frac = 1.00000E+00  : inelastic scatt. to 11. excited state
  17    MT =     62  Q = -4.17345E+00 MeV  Emin = 4.29383E+00 MeV  frac = 1.00000E+00  : inelastic scatt. to 12. excited state
  18    MT =     63  Q = -4.17790E+00 MeV  Emin = 4.29841E+00 MeV  frac = 1.00000E+00  : inelastic scatt. to 13. excited state
  19    MT =     64  Q = -4.34770E+00 MeV  Emin = 4.47311E+00 MeV  frac = 1.00000E+00  : inelastic scatt. to 14. excited state
  20    MT =     65  Q = -4.62440E+00 MeV  Emin = 4.75779E+00 MeV  frac = 1.00000E+00  : inelastic scatt. to 15. excited state
  21    MT =     66  Q = -4.76990E+00 MeV  Emin = 4.90749E+00 MeV  frac = 1.00000E+00  : inelastic scatt. to 16. excited state
  22    MT =     67  Q = -4.83909E+00 MeV  Emin = 4.97867E+00 MeV  frac = 1.00000E+00  : inelastic scatt. to 17. excited state
  23    MT =     68  Q = -4.85440E+00 MeV  Emin = 4.99442E+00 MeV  frac = 1.00000E+00  : inelastic scatt. to 18. excited state
  24    MT =     69  Q = -4.88110E+00 MeV  Emin = 5.02189E+00 MeV  frac = 1.00000E+00  : inelastic scatt. to 19. excited state
  25    MT =     70  Q = -5.01040E+00 MeV  Emin = 5.15492E+00 MeV  frac = 1.00000E+00  : inelastic scatt. to 20. excited state
  26    MT =     71  Q = -5.16331E+00 MeV  Emin = 5.31224E+00 MeV  frac = 1.00000E+00  : inelastic scatt. to 21. excited state
  27    MT =     72  Q = -5.21580E+00 MeV  Emin = 5.36625E+00 MeV  frac = 1.00000E+00  : inelastic scatt. to 22. excited state
  28    MT =     73  Q = -5.40360E+00 MeV  Emin = 5.55947E+00 MeV  frac = 1.00000E+00  : inelastic scatt. to 23. excited state
  29    MT =     74  Q = -5.40670E+00 MeV  Emin = 5.56266E+00 MeV  frac = 1.00000E+00  : inelastic scatt. to 24. excited state
  30    MT =     75  Q = -5.58600E+00 MeV  Emin = 5.74713E+00 MeV  frac = 1.00000E+00  : inelastic scatt. to 25. excited state
  31    MT =     76  Q = -5.59970E+00 MeV  Emin = 5.76122E+00 MeV  frac = 1.00000E+00  : inelastic scatt. to 26. excited state
  32    MT =     77  Q = -5.64600E+00 MeV  Emin = 5.80886E+00 MeV  frac = 1.00000E+00  : inelastic scatt. to 27. excited state
  33    MT =     78  Q = -5.65400E+00 MeV  Emin = 5.81709E+00 MeV  frac = 1.00000E+00  : inelastic scatt. to 28. excited state
  34    MT =     79  Q = -5.68300E+00 MeV  Emin = 5.84692E+00 MeV  frac = 1.00000E+00  : inelastic scatt. to 29. excited state
  35    MT =     80  Q = -5.72352E+00 MeV  Emin = 5.88861E+00 MeV  frac = 1.00000E+00  : inelastic scatt. to 30. excited state
  36    MT =     91  Q = -5.72352E+00 MeV  Emin = 5.88861E+00 MeV  frac = 1.00000E+00  : inelastic scattering to continuum
  37    MT =    102  Q =  8.57977E+00 MeV  Emin = 1.00000E-11 MeV  frac = 1.00000E+00  : (n,gamma)
  38    MT =    103  Q =  6.15220E-01 MeV  Emin = 1.00000E-11 MeV  frac = 1.00000E+00  : (n,p)
  39    MT =    104  Q = -4.14581E+00 MeV  Emin = 4.26540E+00 MeV  frac = 1.00000E+00  : (n,d)
  40    MT =    105  Q = -9.30564E+00 MeV  Emin = 9.57406E+00 MeV  frac = 1.00000E+00  : (n,t)
  41    MT =    107  Q =  9.38230E-01 MeV  Emin = 1.00000E-11 MeV  frac = 1.00000E+00  : (n,alpha)
  42    MT =    111  Q = -1.09627E+01 MeV  Emin = 1.12789E+01 MeV  frac = 1.00000E+00  : (n,2p)
  43    MT =    112  Q = -7.70570E+00 MeV  Emin = 7.92797E+00 MeV  frac = 1.00000E+00  : (n,palpha)

 122 special reactions:

   1    MT =    203  Q =  0.00000E+00 MeV  Emin = 1.00000E-11 MeV  : total proton production
   2    MT =    204  Q =  0.00000E+00 MeV  Emin = 4.26540E+00 MeV  : total deuteron production
   3    MT =    205  Q =  0.00000E+00 MeV  Emin = 9.57406E+00 MeV  : total triton production
   4    MT =    207  Q =  0.00000E+00 MeV  Emin = 1.00000E-11 MeV  : total alpha production
   5    MT =    600  Q =  6.15220E-01 MeV  Emin = 1.00000E-11 MeV  : (n,p) to ground state
   6    MT =    601  Q = -9.56759E-01 MeV  Emin = 9.84474E-01 MeV  : (n,p1)
   7    MT =    602  Q = -1.37568E+00 MeV  Emin = 1.41536E+00 MeV  : (n,p2)
   8    MT =    603  Q = -1.73198E+00 MeV  Emin = 1.78194E+00 MeV  : (n,p3)
   9    MT =    604  Q = -2.10198E+00 MeV  Emin = 2.16261E+00 MeV  : (n,p4)
  10    MT =    605  Q = -2.32368E+00 MeV  Emin = 2.39286E+00 MeV  : (n,p5)
  11    MT =    606  Q = -2.80548E+00 MeV  Emin = 2.88640E+00 MeV  : (n,p6)
  12    MT =    607  Q = -2.94528E+00 MeV  Emin = 3.03024E+00 MeV  : (n,p7)
  13    MT =    608  Q = -2.98148E+00 MeV  Emin = 3.06748E+00 MeV  : (n,p8)
  14    MT =    609  Q = -3.05948E+00 MeV  Emin = 3.14773E+00 MeV  : (n,p9)
  15    MT =    610  Q = -3.18668E+00 MeV  Emin = 3.27860E+00 MeV  : (n,p10)
  16    MT =    611  Q = -3.20258E+00 MeV  Emin = 3.29496E+00 MeV  : (n,p11)
  17    MT =    612  Q = -3.27048E+00 MeV  Emin = 3.36482E+00 MeV  : (n,p12)
  18    MT =    613  Q = -3.29148E+00 MeV  Emin = 3.38642E+00 MeV  : (n,p13)
  19    MT =    614  Q = -3.40648E+00 MeV  Emin = 3.50474E+00 MeV  : (n,p14)
  20    MT =    615  Q = -3.41248E+00 MeV  Emin = 3.51091E+00 MeV  : (n,p15)
  21    MT =    616  Q = -3.49148E+00 MeV  Emin = 3.59219E+00 MeV  : (n,p16)
  22    MT =    617  Q = -3.56448E+00 MeV  Emin = 3.66730E+00 MeV  : (n,p17)
  23    MT =    618  Q = -3.57438E+00 MeV  Emin = 3.67748E+00 MeV  : (n,p18)
  24    MT =    619  Q = -3.68648E+00 MeV  Emin = 3.79282E+00 MeV  : (n,p19)
  25    MT =    620  Q = -3.86448E+00 MeV  Emin = 3.97595E+00 MeV  : (n,p20)
  26    MT =    621  Q = -3.96048E+00 MeV  Emin = 4.07472E+00 MeV  : (n,p21)
  27    MT =    622  Q = -4.00148E+00 MeV  Emin = 4.11690E+00 MeV  : (n,p22)
  28    MT =    623  Q = -4.22348E+00 MeV  Emin = 4.34530E+00 MeV  : (n,p23)
  29    MT =    624  Q = -4.28798E+00 MeV  Emin = 4.41167E+00 MeV  : (n,p24)
  30    MT =    625  Q = -4.34768E+00 MeV  Emin = 4.47311E+00 MeV  : (n,p25)
  31    MT =    626  Q = -4.37448E+00 MeV  Emin = 4.50066E+00 MeV  : (n,p26)
  32    MT =    627  Q = -4.44248E+00 MeV  Emin = 4.57062E+00 MeV  : (n,p27)
  33    MT =    628  Q = -4.51148E+00 MeV  Emin = 4.64161E+00 MeV  : (n,p28)
  34    MT =    629  Q = -4.72748E+00 MeV  Emin = 4.86384E+00 MeV  : (n,p29)
  35    MT =    649  Q = -4.72748E+00 MeV  Emin = 4.86384E+00 MeV  : (n,p) to continuum
  36    MT =    650  Q = -4.14581E+00 MeV  Emin = 4.26540E+00 MeV  : (n,d) to ground state
  37    MT =    651  Q = -6.27311E+00 MeV  Emin = 6.45406E+00 MeV  : (n,d1)
  38    MT =    652  Q = -7.44901E+00 MeV  Emin = 7.66388E+00 MeV  : (n,d2)
  39    MT =    653  Q = -8.06001E+00 MeV  Emin = 8.29250E+00 MeV  : (n,d3)
  40    MT =    654  Q = -8.21981E+00 MeV  Emin = 8.45691E+00 MeV  : (n,d4)
  41    MT =    655  Q = -8.25991E+00 MeV  Emin = 8.50000E+00 MeV  : (n,d5)
  42    MT =    656  Q = -8.76851E+00 MeV  Emin = 9.02144E+00 MeV  : (n,d6)
  43    MT =    657  Q = -8.83341E+00 MeV  Emin = 9.08821E+00 MeV  : (n,d7)
  44    MT =    658  Q = -9.02161E+00 MeV  Emin = 9.28184E+00 MeV  : (n,d8)
  45    MT =    659  Q = -9.03511E+00 MeV  Emin = 9.29573E+00 MeV  : (n,d9)
  46    MT =    660  Q = -9.37281E+00 MeV  Emin = 9.64317E+00 MeV  : (n,d10)
  47    MT =    661  Q = -9.46381E+00 MeV  Emin = 9.73680E+00 MeV  : (n,d11)
  48    MT =    662  Q = -9.52781E+00 MeV  Emin = 9.80264E+00 MeV  : (n,d12)
  49    MT =    663  Q = -9.82581E+00 MeV  Emin = 1.01185E+01 MeV  : (n,d13)
  50    MT =    664  Q = -9.83481E+00 MeV  Emin = 1.01185E+01 MeV  : (n,d14)
  51    MT =    665  Q = -9.89881E+00 MeV  Emin = 1.01844E+01 MeV  : (n,d15)
  52    MT =    666  Q = -9.99381E+00 MeV  Emin = 1.02821E+01 MeV  : (n,d16)
  53    MT =    667  Q = -1.01388E+01 MeV  Emin = 1.04392E+01 MeV  : (n,d17)
  54    MT =    668  Q = -1.02658E+01 MeV  Emin = 1.05619E+01 MeV  : (n,d18)
  55    MT =    669  Q = -1.03193E+01 MeV  Emin = 1.06170E+01 MeV  : (n,d19)
  56    MT =    670  Q = -1.03958E+01 MeV  Emin = 1.06957E+01 MeV  : (n,d20)
  57    MT =    671  Q = -1.03968E+01 MeV  Emin = 1.06967E+01 MeV  : (n,d21)
  58    MT =    672  Q = -1.04908E+01 MeV  Emin = 1.07934E+01 MeV  : (n,d22)
  59    MT =    673  Q = -1.05618E+01 MeV  Emin = 1.08665E+01 MeV  : (n,d23)
  60    MT =    674  Q = -1.06258E+01 MeV  Emin = 1.09323E+01 MeV  : (n,d24)
  61    MT =    675  Q = -1.06788E+01 MeV  Emin = 1.09869E+01 MeV  : (n,d25)
  62    MT =    676  Q = -1.07848E+01 MeV  Emin = 1.10959E+01 MeV  : (n,d26)
  63    MT =    677  Q = -1.08288E+01 MeV  Emin = 1.11412E+01 MeV  : (n,d27)
  64    MT =    678  Q = -1.08338E+01 MeV  Emin = 1.11463E+01 MeV  : (n,d28)
  65    MT =    679  Q = -1.08748E+01 MeV  Emin = 1.11885E+01 MeV  : (n,d29)
  66    MT =    680  Q = -1.08878E+01 MeV  Emin = 1.12019E+01 MeV  : (n,d30)
  67    MT =    699  Q = -1.08878E+01 MeV  Emin = 1.12019E+01 MeV  : (n,d) to continuum
  68    MT =    700  Q = -9.30564E+00 MeV  Emin = 9.57406E+00 MeV  : (n,t) to ground state
  69    MT =    701  Q = -1.01466E+01 MeV  Emin = 1.04392E+01 MeV  : (n,t1)
  70    MT =    702  Q = -1.12719E+01 MeV  Emin = 1.15971E+01 MeV  : (n,t2)
  71    MT =    703  Q = -1.16181E+01 MeV  Emin = 1.19533E+01 MeV  : (n,t3)
  72    MT =    704  Q = -1.21720E+01 MeV  Emin = 1.25231E+01 MeV  : (n,t4)
  73    MT =    705  Q = -1.22393E+01 MeV  Emin = 1.25924E+01 MeV  : (n,t5)
  74    MT =    706  Q = -1.22742E+01 MeV  Emin = 1.26283E+01 MeV  : (n,t6)
  75    MT =    707  Q = -1.25255E+01 MeV  Emin = 1.28869E+01 MeV  : (n,t7)
  76    MT =    708  Q = -1.31372E+01 MeV  Emin = 1.35162E+01 MeV  : (n,t8)
  77    MT =    709  Q = -1.32402E+01 MeV  Emin = 1.36222E+01 MeV  : (n,t9)
  78    MT =    710  Q = -1.33532E+01 MeV  Emin = 1.37440E+01 MeV  : (n,t10)
  79    MT =    711  Q = -1.33586E+01 MeV  Emin = 1.37440E+01 MeV  : (n,t11)
  80    MT =    712  Q = -1.33996E+01 MeV  Emin = 1.37862E+01 MeV  : (n,t12)
  81    MT =    713  Q = -1.34493E+01 MeV  Emin = 1.38373E+01 MeV  : (n,t13)
  82    MT =    714  Q = -1.35160E+01 MeV  Emin = 1.39059E+01 MeV  : (n,t14)
  83    MT =    715  Q = -1.36805E+01 MeV  Emin = 1.40752E+01 MeV  : (n,t15)
  84    MT =    716  Q = -1.37301E+01 MeV  Emin = 1.41262E+01 MeV  : (n,t16)
  85    MT =    717  Q = -1.40350E+01 MeV  Emin = 1.44399E+01 MeV  : (n,t17)
  86    MT =    718  Q = -1.40516E+01 MeV  Emin = 1.44570E+01 MeV  : (n,t18)
  87    MT =    719  Q = -1.41713E+01 MeV  Emin = 1.45801E+01 MeV  : (n,t19)
  88    MT =    720  Q = -1.42246E+01 MeV  Emin = 1.46350E+01 MeV  : (n,t20)
  89    MT =    721  Q = -1.42476E+01 MeV  Emin = 1.46586E+01 MeV  : (n,t21)
  90    MT =    722  Q = -1.44826E+01 MeV  Emin = 1.49004E+01 MeV  : (n,t22)
  91    MT =    723  Q = -1.45146E+01 MeV  Emin = 1.49333E+01 MeV  : (n,t23)
  92    MT =    724  Q = -1.45786E+01 MeV  Emin = 1.50000E+01 MeV  : (n,t24)
  93    MT =    725  Q = -1.45876E+01 MeV  Emin = 1.50084E+01 MeV  : (n,t25)
  94    MT =    726  Q = -1.46426E+01 MeV  Emin = 1.50650E+01 MeV  : (n,t26)
  95    MT =    727  Q = -1.46526E+01 MeV  Emin = 1.50753E+01 MeV  : (n,t27)
  96    MT =    728  Q = -1.47006E+01 MeV  Emin = 1.51247E+01 MeV  : (n,t28)
  97    MT =    729  Q = -1.47807E+01 MeV  Emin = 1.52071E+01 MeV  : (n,t29)
  98    MT =    730  Q = -1.49026E+01 MeV  Emin = 1.53325E+01 MeV  : (n,t30)
  99    MT =    749  Q = -1.49026E+01 MeV  Emin = 1.53325E+01 MeV  : (n,t) to continuum
 100    MT =    800  Q =  9.38230E-01 MeV  Emin = 1.00000E-11 MeV  : (n,alpha) to ground state
 101    MT =    801  Q =  8.60130E-01 MeV  Emin = 2.17570E-01 MeV  : (n,a1)
 102    MT =    802  Q =  4.25230E-01 MeV  Emin = 2.17570E-01 MeV  : (n,a2)
 103    MT =    803  Q = -2.11470E-01 MeV  Emin = 2.17646E-01 MeV  : (n,a3)
 104    MT =    804  Q = -3.84970E-01 MeV  Emin = 3.96416E-01 MeV  : (n,a4)
 105    MT =    805  Q = -8.16270E-01 MeV  Emin = 8.40650E-01 MeV  : (n,a5)
 106    MT =    806  Q = -1.23957E+00 MeV  Emin = 1.27533E+00 MeV  : (n,a6)
 107    MT =    807  Q = -1.28067E+00 MeV  Emin = 1.31761E+00 MeV  : (n,a7)
 108    MT =    808  Q = -1.29157E+00 MeV  Emin = 1.32883E+00 MeV  : (n,a8)
 109    MT =    809  Q = -1.71957E+00 MeV  Emin = 1.76917E+00 MeV  : (n,a9)
 110    MT =    810  Q = -1.80647E+00 MeV  Emin = 1.85858E+00 MeV  : (n,a10)
 111    MT =    811  Q = -2.06657E+00 MeV  Emin = 2.12618E+00 MeV  : (n,a11)
 112    MT =    812  Q = -2.21117E+00 MeV  Emin = 2.27495E+00 MeV  : (n,a12)
 113    MT =    813  Q = -2.32577E+00 MeV  Emin = 2.39286E+00 MeV  : (n,a13)
 114    MT =    814  Q = -2.38407E+00 MeV  Emin = 2.45284E+00 MeV  : (n,a14)
 115    MT =    815  Q = -2.50477E+00 MeV  Emin = 2.57908E+00 MeV  : (n,a15)
 116    MT =    816  Q = -2.50677E+00 MeV  Emin = 2.57908E+00 MeV  : (n,a16)
 117    MT =    817  Q = -2.85867E+00 MeV  Emin = 2.94113E+00 MeV  : (n,a17)
 118    MT =    818  Q = -2.94177E+00 MeV  Emin = 3.02663E+00 MeV  : (n,a18)
 119    MT =    819  Q = -3.05127E+00 MeV  Emin = 3.13928E+00 MeV  : (n,a19)
 120    MT =    820  Q = -3.06887E+00 MeV  Emin = 3.15739E+00 MeV  : (n,a20)
 121    MT =    849  Q = -3.06887E+00 MeV  Emin = 3.15739E+00 MeV  : (n,alpha) to continuum
 122    MT =      4  Q =  0.00000E+00 MeV  Emin = 1.25462E+00 MeV  : total inelastic scattering

 Nuclide    3 / 5 : 17037.03c -- chlorine 37 (Cl-37)

 Pointers                     : 26690 12048
 Primary type                 : Transport
 Nuclide ZAI                  : 170370
 Library ID                   : 03c
 Cross section data file      : /mnt/c/Users/Pedro/Documents/Serpent/xsdata/endfb7/acedata/17037ENDF7.ace
 Atomic weight (AW)           : 36.96586
 Atomic weight ratio (AWR)    : 36.64830
 Temperature                  : 300.0 Kelvin
 XS temperature               : 300.0 Kelvin
 Minimum and maximum energy   : 1.00000E-11 2.00000E+01
 Half-life                    : N/A
 Specific ingestion toxicity  : N/A
 Specific inhalation toxicity : N/A

 - Nuclide is not involved in burnup calculation
 - Nuclide has neutron transport data
 - Nuclide has no photon transport data
 - Nuclide has no S(a,b) data
 - Nuclide has isomeric branching data
 - Nuclide is not fissile
 - Nuclide is not a delayed neutron precursor
 - Nuclide has no delayed neutron data
 - Nuclide has no ures ptable data
 - Nuclide temperature is not adjusted with TMS
 - Nuclide has no dosimetry data
 - Nuclide has no decay data
 - Nuclide has no supplementary transmutation cross section data
 - Nuclide has no NFY data
 - Nuclide has no SFY data

 - 39 reaction channels
 - 43 special reactions
 - No transmutation reactions
 - 1 transmutation branch reactions
 - No decay reactions
 - No decay branch reactions
 - No transmutation paths

 39 reactions channel:

   1    MT =      2  Q =  0.00000E+00 MeV  Emin = 1.00000E-11 MeV  frac = 1.00000E+00  : elastic scattering
   2    MT =     16  Q = -1.03111E+01 MeV  Emin = 1.05925E+01 MeV  frac = 1.00000E+00  : (n,2n)
   3    MT =     17  Q = -1.88908E+01 MeV  Emin = 1.94063E+01 MeV  frac = 1.00000E+00  : (n,3n)
   4    MT =     22  Q = -7.84859E+00 MeV  Emin = 8.06275E+00 MeV  frac = 1.00000E+00  : (n,nalpha)
   5    MT =     28  Q = -8.38656E+00 MeV  Emin = 8.61540E+00 MeV  frac = 1.00000E+00  : (n,np)
   6    MT =     32  Q = -1.60507E+01 MeV  Emin = 1.64887E+01 MeV  frac = 1.00000E+00  : (n,nd)
   7    MT =     51  Q = -1.72658E+00 MeV  Emin = 1.77369E+00 MeV  frac = 1.00000E+00  : inelastic scatt. to 1. excited state
   8    MT =     52  Q = -3.08614E+00 MeV  Emin = 3.17035E+00 MeV  frac = 1.00000E+00  : inelastic scatt. to 2. excited state
   9    MT =     53  Q = -3.10350E+00 MeV  Emin = 3.18818E+00 MeV  frac = 1.00000E+00  : inelastic scatt. to 3. excited state
  10    MT =     54  Q = -3.62682E+00 MeV  Emin = 3.72578E+00 MeV  frac = 1.00000E+00  : inelastic scatt. to 4. excited state
  11    MT =     55  Q = -3.70779E+00 MeV  Emin = 3.80896E+00 MeV  frac = 1.00000E+00  : inelastic scatt. to 5. excited state
  12    MT =     56  Q = -3.74122E+00 MeV  Emin = 3.84330E+00 MeV  frac = 1.00000E+00  : inelastic scatt. to 6. excited state
  13    MT =     57  Q = -4.00987E+00 MeV  Emin = 4.11929E+00 MeV  frac = 1.00000E+00  : inelastic scatt. to 7. excited state
  14    MT =     58  Q = -4.01629E+00 MeV  Emin = 4.12588E+00 MeV  frac = 1.00000E+00  : inelastic scatt. to 8. excited state
  15    MT =     59  Q = -4.17664E+00 MeV  Emin = 4.29061E+00 MeV  frac = 1.00000E+00  : inelastic scatt. to 9. excited state
  16    MT =     60  Q = -4.26887E+00 MeV  Emin = 4.38535E+00 MeV  frac = 1.00000E+00  : inelastic scatt. to 10. excited state
  17    MT =     61  Q = -4.27259E+00 MeV  Emin = 4.38917E+00 MeV  frac = 1.00000E+00  : inelastic scatt. to 11. excited state
  18    MT =     62  Q = -4.39630E+00 MeV  Emin = 4.51626E+00 MeV  frac = 1.00000E+00  : inelastic scatt. to 12. excited state
  19    MT =     63  Q = -4.45997E+00 MeV  Emin = 4.58167E+00 MeV  frac = 1.00000E+00  : inelastic scatt. to 13. excited state
  20    MT =     64  Q = -4.54560E+00 MeV  Emin = 4.66963E+00 MeV  frac = 1.00000E+00  : inelastic scatt. to 14. excited state
  21    MT =     65  Q = -4.80121E+00 MeV  Emin = 4.93222E+00 MeV  frac = 1.00000E+00  : inelastic scatt. to 15. excited state
  22    MT =     66  Q = -4.81090E+00 MeV  Emin = 4.94217E+00 MeV  frac = 1.00000E+00  : inelastic scatt. to 16. excited state
  23    MT =     67  Q = -4.83761E+00 MeV  Emin = 4.96961E+00 MeV  frac = 1.00000E+00  : inelastic scatt. to 17. excited state
  24    MT =     68  Q = -4.85396E+00 MeV  Emin = 4.98641E+00 MeV  frac = 1.00000E+00  : inelastic scatt. to 18. excited state
  25    MT =     69  Q = -4.90420E+00 MeV  Emin = 5.03802E+00 MeV  frac = 1.00000E+00  : inelastic scatt. to 19. excited state
  26    MT =     70  Q = -4.92060E+00 MeV  Emin = 5.05487E+00 MeV  frac = 1.00000E+00  : inelastic scatt. to 20. excited state
  27    MT =     71  Q = -4.92300E+00 MeV  Emin = 5.05733E+00 MeV  frac = 1.00000E+00  : inelastic scatt. to 21. excited state
  28    MT =     72  Q = -4.96080E+00 MeV  Emin = 5.09616E+00 MeV  frac = 1.00000E+00  : inelastic scatt. to 22. excited state
  29    MT =     73  Q = -4.97400E+00 MeV  Emin = 5.10972E+00 MeV  frac = 1.00000E+00  : inelastic scatt. to 23. excited state
  30    MT =     74  Q = -5.00930E+00 MeV  Emin = 5.14599E+00 MeV  frac = 1.00000E+00  : inelastic scatt. to 24. excited state
  31    MT =     75  Q = -5.05520E+00 MeV  Emin = 5.19314E+00 MeV  frac = 1.00000E+00  : inelastic scatt. to 25. excited state
  32    MT =     76  Q = -5.05910E+00 MeV  Emin = 5.19715E+00 MeV  frac = 1.00000E+00  : inelastic scatt. to 26. excited state
  33    MT =     77  Q = -5.14300E+00 MeV  Emin = 5.28334E+00 MeV  frac = 1.00000E+00  : inelastic scatt. to 27. excited state
  34    MT =     91  Q = -5.14300E+00 MeV  Emin = 5.28334E+00 MeV  frac = 1.00000E+00  : inelastic scattering to continuum
  35    MT =    102  Q =  6.10783E+00 MeV  Emin = 1.00000E-11 MeV  frac = 1.00000E+00  : (n,gamma)
  36    MT =    103  Q = -4.08295E+00 MeV  Emin = 4.19436E+00 MeV  frac = 1.00000E+00  : (n,p)
  37    MT =    104  Q = -6.16197E+00 MeV  Emin = 6.33011E+00 MeV  frac = 1.00000E+00  : (n,d)
  38    MT =    105  Q = -9.79340E+00 MeV  Emin = 1.00606E+01 MeV  frac = 1.00000E+00  : (n,t)
  39    MT =    107  Q = -1.55761E+00 MeV  Emin = 1.60011E+00 MeV  frac = 1.00000E+00  : (n,alpha)

 1 additional transport branch:

   1    MT =    102  Q =  6.10783E+00 MeV  Emin = 1.00000E-11 MeV  frac = 1.00000E+00  : (n,gamma)

 43 special reactions:

   1    MT =    203  Q =  0.00000E+00 MeV  Emin = 4.19436E+00 MeV  : total proton production
   2    MT =    204  Q =  0.00000E+00 MeV  Emin = 6.33011E+00 MeV  : total deuteron production
   3    MT =    205  Q =  0.00000E+00 MeV  Emin = 1.00606E+01 MeV  : total triton production
   4    MT =    207  Q =  0.00000E+00 MeV  Emin = 1.60011E+00 MeV  : total alpha production
   5    MT =    649  Q = -4.08295E+00 MeV  Emin = 4.19436E+00 MeV  : (n,p) to continuum
   6    MT =    650  Q = -6.16197E+00 MeV  Emin = 6.33011E+00 MeV  : (n,d) to ground state
   7    MT =    651  Q = -9.45297E+00 MeV  Emin = 9.71901E+00 MeV  : (n,d1)
   8    MT =    652  Q = -9.50797E+00 MeV  Emin = 9.76741E+00 MeV  : (n,d2)
   9    MT =    653  Q = -1.03545E+01 MeV  Emin = 1.06370E+01 MeV  : (n,d3)
  10    MT =    654  Q = -1.06850E+01 MeV  Emin = 1.09765E+01 MeV  : (n,d4)
  11    MT =    655  Q = -1.07372E+01 MeV  Emin = 1.10302E+01 MeV  : (n,d5)
  12    MT =    656  Q = -1.14132E+01 MeV  Emin = 1.17246E+01 MeV  : (n,d6)
  13    MT =    657  Q = -1.15534E+01 MeV  Emin = 1.18686E+01 MeV  : (n,d7)
  14    MT =    658  Q = -1.16711E+01 MeV  Emin = 1.20000E+01 MeV  : (n,d8)
  15    MT =    659  Q = -1.17351E+01 MeV  Emin = 1.20553E+01 MeV  : (n,d9)
  16    MT =    660  Q = -1.23489E+01 MeV  Emin = 1.26858E+01 MeV  : (n,d10)
  17    MT =    661  Q = -1.23872E+01 MeV  Emin = 1.27252E+01 MeV  : (n,d11)
  18    MT =    699  Q = -1.23872E+01 MeV  Emin = 1.27252E+01 MeV  : (n,d) to continuum
  19    MT =    700  Q = -9.79340E+00 MeV  Emin = 1.00606E+01 MeV  : (n,t) to ground state
  20    MT =    701  Q = -1.13657E+01 MeV  Emin = 1.16758E+01 MeV  : (n,t1)
  21    MT =    702  Q = -1.17846E+01 MeV  Emin = 1.21062E+01 MeV  : (n,t2)
  22    MT =    703  Q = -1.21409E+01 MeV  Emin = 1.24722E+01 MeV  : (n,t3)
  23    MT =    704  Q = -1.25109E+01 MeV  Emin = 1.28523E+01 MeV  : (n,t4)
  24    MT =    705  Q = -1.27326E+01 MeV  Emin = 1.30800E+01 MeV  : (n,t5)
  25    MT =    706  Q = -1.32144E+01 MeV  Emin = 1.35750E+01 MeV  : (n,t6)
  26    MT =    707  Q = -1.33542E+01 MeV  Emin = 1.37186E+01 MeV  : (n,t7)
  27    MT =    708  Q = -1.33904E+01 MeV  Emin = 1.37558E+01 MeV  : (n,t8)
  28    MT =    709  Q = -1.34684E+01 MeV  Emin = 1.38359E+01 MeV  : (n,t9)
  29    MT =    710  Q = -1.35956E+01 MeV  Emin = 1.39666E+01 MeV  : (n,t10)
  30    MT =    711  Q = -1.36115E+01 MeV  Emin = 1.39829E+01 MeV  : (n,t11)
  31    MT =    712  Q = -1.36794E+01 MeV  Emin = 1.40527E+01 MeV  : (n,t12)
  32    MT =    713  Q = -1.37004E+01 MeV  Emin = 1.40742E+01 MeV  : (n,t13)
  33    MT =    714  Q = -1.38154E+01 MeV  Emin = 1.41924E+01 MeV  : (n,t14)
  34    MT =    715  Q = -1.38214E+01 MeV  Emin = 1.41985E+01 MeV  : (n,t15)
  35    MT =    749  Q = -1.38214E+01 MeV  Emin = 1.41985E+01 MeV  : (n,t) to continuum
  36    MT =    800  Q = -1.55761E+00 MeV  Emin = 1.60011E+00 MeV  : (n,alpha) to ground state
  37    MT =    801  Q = -1.98668E+00 MeV  Emin = 2.04089E+00 MeV  : (n,a1)
  38    MT =    802  Q = -3.16521E+00 MeV  Emin = 3.25158E+00 MeV  : (n,a2)
  39    MT =    803  Q = -3.78261E+00 MeV  Emin = 3.88583E+00 MeV  : (n,a3)
  40    MT =    804  Q = -3.86661E+00 MeV  Emin = 3.97212E+00 MeV  : (n,a4)
  41    MT =    805  Q = -4.90261E+00 MeV  Emin = 5.03639E+00 MeV  : (n,a5)
  42    MT =    849  Q = -4.90261E+00 MeV  Emin = 5.03639E+00 MeV  : (n,alpha) to continuum
  43    MT =      4  Q =  0.00000E+00 MeV  Emin = 1.77369E+00 MeV  : total inelastic scattering

 Nuclide    4 / 5 : 92235.03c -- uranium 235 (U-235)

 Pointers                     : 7575 106440
 Primary type                 : Transport
 Nuclide ZAI                  : 922350
 Library ID                   : 03c
 Cross section data file      : /mnt/c/Users/Pedro/Documents/Serpent/xsdata/endfb7/acedata/92235ENDF7.ace
 Atomic weight (AW)           : 235.04395
 Atomic weight ratio (AWR)    : 233.02480
 Temperature                  : 300.0 Kelvin
 XS temperature               : 300.0 Kelvin
 Minimum and maximum energy   : 1.00000E-11 2.00000E+01
 Half-life                    : N/A
 Specific ingestion toxicity  : N/A
 Specific inhalation toxicity : N/A
 Energy deposited per fission : 202.27 MeV

 - Nuclide is not involved in burnup calculation
 - Nuclide has neutron transport data
 - Nuclide has no photon transport data
 - Nuclide has no S(a,b) data
 - Nuclide has no isomeric branching data
 - Nuclide is fissile
 - Nuclide is not a delayed neutron precursor
 - Nuclide has delayed neutron data in 6 precursor groups
 - Nuclide has ures ptable data but it is not used
 - Nuclide temperature is not adjusted with TMS
 - Nuclide has no dosimetry data
 - Nuclide has no decay data
 - Nuclide has no supplementary transmutation cross section data
 - Nuclide has no NFY data
 - Nuclide has no SFY data

 - 47 reaction channels
 - 1 special reactions
 - No transmutation reactions
 - No transmutation branch reactions
 - No decay reactions
 - No decay branch reactions
 - No transmutation paths

 47 reactions channel:

   1    MT =      2  Q =  0.00000E+00 MeV  Emin = 1.00000E-11 MeV  frac = 1.00000E+00  : elastic scattering
   2    MT =     16  Q = -5.29778E+00 MeV  Emin = 5.32052E+00 MeV  frac = 1.00000E+00  : (n,2n)
   3    MT =     17  Q = -1.21423E+01 MeV  Emin = 1.21944E+01 MeV  frac = 1.00000E+00  : (n,3n)
   4    MT =     18  Q =  1.93483E+02 MeV  Emin = 1.00000E-11 MeV  frac = 1.00000E+00  : total fission
   5    MT =     37  Q = -1.78856E+01 MeV  Emin = 1.79624E+01 MeV  frac = 1.00000E+00  : (n,4n)
   6    MT =     51  Q = -7.68000E-05 MeV  Emin = 2.25000E-03 MeV  frac = 1.00000E+00  : inelastic scatt. to 1. excited state
   7    MT =     52  Q = -1.30400E-02 MeV  Emin = 1.30960E-02 MeV  frac = 1.00000E+00  : inelastic scatt. to 2. excited state
   8    MT =     53  Q = -4.62000E-02 MeV  Emin = 4.63983E-02 MeV  frac = 1.00000E+00  : inelastic scatt. to 3. excited state
   9    MT =     54  Q = -5.13000E-02 MeV  Emin = 5.15202E-02 MeV  frac = 1.00000E+00  : inelastic scatt. to 4. excited state
  10    MT =     55  Q = -8.17000E-02 MeV  Emin = 8.20506E-02 MeV  frac = 1.00000E+00  : inelastic scatt. to 5. excited state
  11    MT =     56  Q = -1.03000E-01 MeV  Emin = 1.03442E-01 MeV  frac = 1.00000E+00  : inelastic scatt. to 6. excited state
  12    MT =     57  Q = -1.34000E-01 MeV  Emin = 1.34575E-01 MeV  frac = 1.00000E+00  : inelastic scatt. to 7. excited state
  13    MT =     58  Q = -1.70700E-01 MeV  Emin = 1.71433E-01 MeV  frac = 1.00000E+00  : inelastic scatt. to 8. excited state
  14    MT =     59  Q = -1.74500E-01 MeV  Emin = 1.75249E-01 MeV  frac = 1.00000E+00  : inelastic scatt. to 9. excited state
  15    MT =     60  Q = -2.49100E-01 MeV  Emin = 2.50169E-01 MeV  frac = 1.00000E+00  : inelastic scatt. to 10. excited state
  16    MT =     61  Q = -2.93000E-01 MeV  Emin = 2.94258E-01 MeV  frac = 1.00000E+00  : inelastic scatt. to 11. excited state
  17    MT =     62  Q = -3.34000E-01 MeV  Emin = 3.35433E-01 MeV  frac = 1.00000E+00  : inelastic scatt. to 12. excited state
  18    MT =     63  Q = -3.65000E-01 MeV  Emin = 3.66567E-01 MeV  frac = 1.00000E+00  : inelastic scatt. to 13. excited state
  19    MT =     64  Q = -3.98000E-01 MeV  Emin = 3.99708E-01 MeV  frac = 1.00000E+00  : inelastic scatt. to 14. excited state
  20    MT =     65  Q = -4.30000E-01 MeV  Emin = 4.31845E-01 MeV  frac = 1.00000E+00  : inelastic scatt. to 15. excited state
  21    MT =     66  Q = -4.48000E-01 MeV  Emin = 4.49923E-01 MeV  frac = 1.00000E+00  : inelastic scatt. to 16. excited state
  22    MT =     67  Q = -5.50000E-01 MeV  Emin = 5.52360E-01 MeV  frac = 1.00000E+00  : inelastic scatt. to 17. excited state
  23    MT =     68  Q = -6.50000E-01 MeV  Emin = 6.52790E-01 MeV  frac = 1.00000E+00  : inelastic scatt. to 18. excited state
  24    MT =     69  Q = -7.70000E-01 MeV  Emin = 7.73304E-01 MeV  frac = 1.00000E+00  : inelastic scatt. to 19. excited state
  25    MT =     70  Q = -9.00000E-01 MeV  Emin = 9.03862E-01 MeV  frac = 1.00000E+00  : inelastic scatt. to 20. excited state
  26    MT =     71  Q = -1.06250E+00 MeV  Emin = 1.06706E+00 MeV  frac = 1.00000E+00  : inelastic scatt. to 21. excited state
  27    MT =     72  Q = -1.17000E+00 MeV  Emin = 1.17502E+00 MeV  frac = 1.00000E+00  : inelastic scatt. to 22. excited state
  28    MT =     73  Q = -1.25000E+00 MeV  Emin = 1.25537E+00 MeV  frac = 1.00000E+00  : inelastic scatt. to 23. excited state
  29    MT =     74  Q = -1.44000E+00 MeV  Emin = 1.44618E+00 MeV  frac = 1.00000E+00  : inelastic scatt. to 24. excited state
  30    MT =     75  Q = -1.59000E+00 MeV  Emin = 1.59682E+00 MeV  frac = 1.00000E+00  : inelastic scatt. to 25. excited state
  31    MT =     76  Q = -1.75000E+00 MeV  Emin = 1.75751E+00 MeV  frac = 1.00000E+00  : inelastic scatt. to 26. excited state
  32    MT =     77  Q = -1.85000E+00 MeV  Emin = 1.85794E+00 MeV  frac = 1.00000E+00  : inelastic scatt. to 27. excited state
  33    MT =     78  Q = -1.95000E+00 MeV  Emin = 1.95837E+00 MeV  frac = 1.00000E+00  : inelastic scatt. to 28. excited state
  34    MT =     79  Q = -2.15000E+00 MeV  Emin = 2.15923E+00 MeV  frac = 1.00000E+00  : inelastic scatt. to 29. excited state
  35    MT =     80  Q = -2.30000E+00 MeV  Emin = 2.30987E+00 MeV  frac = 1.00000E+00  : inelastic scatt. to 30. excited state
  36    MT =     81  Q = -2.39000E+00 MeV  Emin = 2.40026E+00 MeV  frac = 1.00000E+00  : inelastic scatt. to 31. excited state
  37    MT =     82  Q = -2.49280E+00 MeV  Emin = 2.50350E+00 MeV  frac = 1.00000E+00  : inelastic scatt. to 32. excited state
  38    MT =     83  Q = -2.94000E+00 MeV  Emin = 2.95262E+00 MeV  frac = 1.00000E+00  : inelastic scatt. to 33. excited state
  39    MT =     84  Q = -3.18900E+00 MeV  Emin = 3.20269E+00 MeV  frac = 1.00000E+00  : inelastic scatt. to 34. excited state
  40    MT =     85  Q = -3.38800E+00 MeV  Emin = 3.40254E+00 MeV  frac = 1.00000E+00  : inelastic scatt. to 35. excited state
  41    MT =     86  Q = -3.53800E+00 MeV  Emin = 3.55318E+00 MeV  frac = 1.00000E+00  : inelastic scatt. to 36. excited state
  42    MT =     87  Q = -3.63700E+00 MeV  Emin = 3.65261E+00 MeV  frac = 1.00000E+00  : inelastic scatt. to 37. excited state
  43    MT =     88  Q = -3.73700E+00 MeV  Emin = 3.75304E+00 MeV  frac = 1.00000E+00  : inelastic scatt. to 38. excited state
  44    MT =     89  Q = -3.83700E+00 MeV  Emin = 3.85347E+00 MeV  frac = 1.00000E+00  : inelastic scatt. to 39. excited state
  45    MT =     90  Q = -3.90900E+00 MeV  Emin = 3.92578E+00 MeV  frac = 1.00000E+00  : inelastic scatt. to 40. excited state
  46    MT =     91  Q = -4.97864E-01 MeV  Emin = 5.00000E-01 MeV  frac = 1.00000E+00  : inelastic scattering to continuum
  47    MT =    102  Q =  6.54520E+00 MeV  Emin = 1.00000E-11 MeV  frac = 1.00000E+00  : (n,gamma)

 1 special reaction:

   1    MT =      4  Q =  0.00000E+00 MeV  Emin = 2.25000E-03 MeV  : total inelastic scattering

 Nuclide    5 / 5 : 92238.03c -- uranium 238 (U-238)

 Pointers                     : 11142 107268
 Primary type                 : Transport
 Nuclide ZAI                  : 922380
 Library ID                   : 03c
 Cross section data file      : /mnt/c/Users/Pedro/Documents/Serpent/xsdata/endfb7/acedata/92238ENDF7.ace
 Atomic weight (AW)           : 238.05078
 Atomic weight ratio (AWR)    : 236.00580
 Temperature                  : 300.0 Kelvin
 XS temperature               : 300.0 Kelvin
 Minimum and maximum energy   : 1.00000E-11 3.00000E+01
 Half-life                    : N/A
 Specific ingestion toxicity  : N/A
 Specific inhalation toxicity : N/A
 Energy deposited per fission : 207.03 MeV

 - Nuclide is not involved in burnup calculation
 - Nuclide has neutron transport data
 - Nuclide has no photon transport data
 - Nuclide has no S(a,b) data
 - Nuclide has no isomeric branching data
 - Nuclide is fissile
 - Nuclide is not a delayed neutron precursor
 - Nuclide has delayed neutron data in 6 precursor groups
 - Nuclide has ures ptable data but it is not used
 - Nuclide temperature is not adjusted with TMS
 - Nuclide has no dosimetry data
 - Nuclide has no decay data
 - Nuclide has no supplementary transmutation cross section data
 - Nuclide has no NFY data
 - Nuclide has no SFY data

 - 47 reaction channels
 - 1 special reactions
 - No transmutation reactions
 - No transmutation branch reactions
 - No decay reactions
 - No decay branch reactions
 - No transmutation paths

 47 reactions channel:

   1    MT =      2  Q =  0.00000E+00 MeV  Emin = 1.00000E-11 MeV  frac = 1.00000E+00  : elastic scattering
   2    MT =     16  Q = -6.15280E+00 MeV  Emin = 6.17887E+00 MeV  frac = 1.00000E+00  : (n,2n)
   3    MT =     17  Q = -1.12786E+01 MeV  Emin = 1.13264E+01 MeV  frac = 1.00000E+00  : (n,3n)
   4    MT =     18  Q =  1.98032E+02 MeV  Emin = 1.00000E-11 MeV  frac = 1.00000E+00  : total fission
   5    MT =     37  Q = -1.78237E+01 MeV  Emin = 1.78992E+01 MeV  frac = 1.00000E+00  : (n,4n)
   6    MT =     51  Q = -4.49000E-02 MeV  Emin = 4.50903E-02 MeV  frac = 1.00000E+00  : inelastic scatt. to 1. excited state
   7    MT =     52  Q = -1.48400E-01 MeV  Emin = 1.49029E-01 MeV  frac = 1.00000E+00  : inelastic scatt. to 2. excited state
   8    MT =     53  Q = -3.07200E-01 MeV  Emin = 3.08502E-01 MeV  frac = 1.00000E+00  : inelastic scatt. to 3. excited state
   9    MT =     54  Q = -5.18300E-01 MeV  Emin = 5.20496E-01 MeV  frac = 1.00000E+00  : inelastic scatt. to 4. excited state
  10    MT =     55  Q = -6.80100E-01 MeV  Emin = 6.82982E-01 MeV  frac = 1.00000E+00  : inelastic scatt. to 5. excited state
  11    MT =     56  Q = -7.31900E-01 MeV  Emin = 7.35001E-01 MeV  frac = 1.00000E+00  : inelastic scatt. to 6. excited state
  12    MT =     57  Q = -7.75700E-01 MeV  Emin = 7.78987E-01 MeV  frac = 1.00000E+00  : inelastic scatt. to 7. excited state
  13    MT =     58  Q = -8.26700E-01 MeV  Emin = 8.30203E-01 MeV  frac = 1.00000E+00  : inelastic scatt. to 8. excited state
  14    MT =     59  Q = -9.25700E-01 MeV  Emin = 9.29623E-01 MeV  frac = 1.00000E+00  : inelastic scatt. to 9. excited state
  15    MT =     60  Q = -9.30800E-01 MeV  Emin = 9.34744E-01 MeV  frac = 1.00000E+00  : inelastic scatt. to 10. excited state
  16    MT =     61  Q = -9.50200E-01 MeV  Emin = 9.54226E-01 MeV  frac = 1.00000E+00  : inelastic scatt. to 11. excited state
  17    MT =     62  Q = -9.66300E-01 MeV  Emin = 9.70395E-01 MeV  frac = 1.00000E+00  : inelastic scatt. to 12. excited state
  18    MT =     63  Q = -9.67300E-01 MeV  Emin = 9.71399E-01 MeV  frac = 1.00000E+00  : inelastic scatt. to 13. excited state
  19    MT =     64  Q = -9.93000E-01 MeV  Emin = 9.97208E-01 MeV  frac = 1.00000E+00  : inelastic scatt. to 14. excited state
  20    MT =     65  Q = -9.97500E-01 MeV  Emin = 1.00173E+00 MeV  frac = 1.00000E+00  : inelastic scatt. to 15. excited state
  21    MT =     66  Q = -1.03730E+00 MeV  Emin = 1.04170E+00 MeV  frac = 1.00000E+00  : inelastic scatt. to 16. excited state
  22    MT =     67  Q = -1.05660E+00 MeV  Emin = 1.06108E+00 MeV  frac = 1.00000E+00  : inelastic scatt. to 17. excited state
  23    MT =     68  Q = -1.05950E+00 MeV  Emin = 1.06399E+00 MeV  frac = 1.00000E+00  : inelastic scatt. to 18. excited state
  24    MT =     69  Q = -1.06030E+00 MeV  Emin = 1.06479E+00 MeV  frac = 1.00000E+00  : inelastic scatt. to 19. excited state
  25    MT =     70  Q = -1.07650E+00 MeV  Emin = 1.08106E+00 MeV  frac = 1.00000E+00  : inelastic scatt. to 20. excited state
  26    MT =     71  Q = -1.10570E+00 MeV  Emin = 1.11039E+00 MeV  frac = 1.00000E+00  : inelastic scatt. to 21. excited state
  27    MT =     72  Q = -1.17000E+00 MeV  Emin = 1.17496E+00 MeV  frac = 1.00000E+00  : inelastic scatt. to 22. excited state
  28    MT =     73  Q = -1.25000E+00 MeV  Emin = 1.25530E+00 MeV  frac = 1.00000E+00  : inelastic scatt. to 23. excited state
  29    MT =     74  Q = -1.44000E+00 MeV  Emin = 1.44610E+00 MeV  frac = 1.00000E+00  : inelastic scatt. to 24. excited state
  30    MT =     75  Q = -1.59000E+00 MeV  Emin = 1.59674E+00 MeV  frac = 1.00000E+00  : inelastic scatt. to 25. excited state
  31    MT =     76  Q = -1.75000E+00 MeV  Emin = 1.75742E+00 MeV  frac = 1.00000E+00  : inelastic scatt. to 26. excited state
  32    MT =     77  Q = -1.85000E+00 MeV  Emin = 1.85784E+00 MeV  frac = 1.00000E+00  : inelastic scatt. to 27. excited state
  33    MT =     78  Q = -1.95000E+00 MeV  Emin = 1.95826E+00 MeV  frac = 1.00000E+00  : inelastic scatt. to 28. excited state
  34    MT =     79  Q = -2.15000E+00 MeV  Emin = 2.15911E+00 MeV  frac = 1.00000E+00  : inelastic scatt. to 29. excited state
  35    MT =     80  Q = -2.30000E+00 MeV  Emin = 2.30975E+00 MeV  frac = 1.00000E+00  : inelastic scatt. to 30. excited state
  36    MT =     81  Q = -2.39000E+00 MeV  Emin = 2.40013E+00 MeV  frac = 1.00000E+00  : inelastic scatt. to 31. excited state
  37    MT =     82  Q = -2.49280E+00 MeV  Emin = 2.50336E+00 MeV  frac = 1.00000E+00  : inelastic scatt. to 32. excited state
  38    MT =     83  Q = -2.94000E+00 MeV  Emin = 2.95246E+00 MeV  frac = 1.00000E+00  : inelastic scatt. to 33. excited state
  39    MT =     84  Q = -3.18900E+00 MeV  Emin = 3.20251E+00 MeV  frac = 1.00000E+00  : inelastic scatt. to 34. excited state
  40    MT =     85  Q = -3.38800E+00 MeV  Emin = 3.40236E+00 MeV  frac = 1.00000E+00  : inelastic scatt. to 35. excited state
  41    MT =     86  Q = -3.53800E+00 MeV  Emin = 3.55299E+00 MeV  frac = 1.00000E+00  : inelastic scatt. to 36. excited state
  42    MT =     87  Q = -3.63700E+00 MeV  Emin = 3.65241E+00 MeV  frac = 1.00000E+00  : inelastic scatt. to 37. excited state
  43    MT =     88  Q = -3.73700E+00 MeV  Emin = 3.75284E+00 MeV  frac = 1.00000E+00  : inelastic scatt. to 38. excited state
  44    MT =     89  Q = -3.83700E+00 MeV  Emin = 3.85326E+00 MeV  frac = 1.00000E+00  : inelastic scatt. to 39. excited state
  45    MT =     90  Q = -3.90900E+00 MeV  Emin = 3.92556E+00 MeV  frac = 1.00000E+00  : inelastic scatt. to 40. excited state
  46    MT =     91  Q = -1.11260E+00 MeV  Emin = 1.11732E+00 MeV  frac = 1.00000E+00  : inelastic scattering to continuum
  47    MT =    102  Q =  4.80650E+00 MeV  Emin = 1.00000E-11 MeV  frac = 1.00000E+00  : (n,gamma)

 1 special reaction:

   1    MT =      4  Q =  0.00000E+00 MeV  Emin = 4.50903E-02 MeV  : total inelastic scattering

 --- Table  1: Summary of material compositions: 

 1 materials included in calculation


Material "fuelsalt":

 - Material is included in majorant
 - Material is included in geometry
 - Atom density 5.40640E-02 1/barn*cm
 - Mass density 4.26400E+00 g/cm3
 - Volume 0.00000E+00 cm3
 - Mass 0.00000E+00 g
 - Photon emission rate 0.00000E+00 1/s
 - Neutron emission rate 0.00000E+00 1/s
 - 5 nuclides in composition
 - No nuclides associated with S(a,b) data
 - 6.62 Mb of memory allocated for data

Isotopic composition (non-zero densities):

-------------------------------------------------------------------
 Nuclide    a. weight   temp      a. dens      a. frac      m. frac
-------------------------------------------------------------------
 92235.03c  235.04395  300.0  1.91291E-03  3.53823E-02  1.75098E-01    
 92238.03c  238.05078  300.0  3.55245E-03  6.57082E-02  3.29334E-01    
 17035.03c   34.96885  300.0  1.11085E-06  2.05469E-05  1.51278E-05    
 17037.03c   36.96586  300.0  1.11077E-02  2.05455E-01  1.59906E-01    
 11023.03c   22.98949  300.0  3.74898E-02  6.93434E-01  3.35646E-01    
       sum                    5.40640E-02  1.00000E+00  1.00000E+00
-------------------------------------------------------------------
